-------------------------------------------------------------------------------
Test set: com.rest.practice.MenuItemServiceTest
-------------------------------------------------------------------------------
Tests run: 1, Failures: 0, Errors: 1, Skipped: 0, Time elapsed: 0.002 s <<< FAILURE! - in com.rest.practice.MenuItemServiceTest
initializationError(com.rest.practice.MenuItemServiceTest)  Time elapsed: 0 s  <<< ERROR!
java.lang.NoClassDefFoundError: Could not initialize class org.springframework.test.context.junit4.SpringRunner

