<?xml version="1.0" encoding="UTF-8"?>
<testsuite xmlns:xsi="http://www.w3.org/2001/XMLSchema-instance" xsi:noNamespaceSchemaLocation="https://maven.apache.org/surefire/maven-surefire-plugin/xsd/surefire-test-report.xsd" name="com.rest.practice.MenuItemServiceTest" time="2.065" tests="3" errors="1" skipped="0" failures="0">
  <properties>
[...]
</properties>
  <testcase name="getMenuItemByIdTest" classname="com.rest.practice.MenuItemServiceTest" time="0.218"/>
  <testcase name="getAllMenuItemsTest" classname="com.rest.practice.MenuItemServiceTest" time="0.207"/>
  <testcase name="saveMenuItem" classname="com.rest.practice.MenuItemServiceTest" time="0.264">
    <error message="menuitem with id: 7 was not found" type="com.rest.practice.Exception.MenuItemNotFoundException">com.rest.practice.Exception.MenuItemNotFoundException: menuitem with id: 7 was not found
	at com.rest.practice.MenuItemServiceTest.saveMenuItem(MenuItemServiceTest.java:91)
</error>
    <system-out><![CDATA[2019-01-06 19:47:14.366  INFO 16604 --- [           main] o.s.t.c.transaction.TransactionContext   : Began transaction (1) for test context [DefaultTestContext@39004e4f testClass = MenuItemServiceTest, testInstance = com.rest.practice.MenuItemServiceTest@4e45fbd0, testMethod = saveMenuItem@MenuItemServiceTest, testException = [null], mergedContextConfiguration = [WebMergedContextConfiguration@6a6a2fdd testClass = MenuItemServiceTest, locations = '{}', classes = '{class com.rest.practice.RestRestaurantApplication}', contextInitializerClasses = '[]', activeProfiles = '{}', propertySourceLocations = '{}', propertySourceProperties = '{org.springframework.boot.test.context.SpringBootTestContextBootstrapper=true}', contextCustomizers = set[[ImportsContextCustomizer@552ffa44 key = [org.springframework.boot.autoconfigure.cache.CacheAutoConfiguration, org.springframework.boot.autoconfigure.data.jpa.JpaRepositoriesAutoConfiguration, org.springframework.boot.autoconfigure.flyway.FlywayAutoConfiguration, org.springframework.boot.autoconfigure.jdbc.DataSourceAutoConfiguration, org.springframework.boot.autoconfigure.jdbc.DataSourceTransactionManagerAutoConfiguration, org.springframework.boot.autoconfigure.jdbc.JdbcTemplateAutoConfiguration, org.springframework.boot.autoconfigure.liquibase.LiquibaseAutoConfiguration, org.springframework.boot.autoconfigure.orm.jpa.HibernateJpaAutoConfiguration, org.springframework.boot.autoconfigure.transaction.TransactionAutoConfiguration, org.springframework.boot.test.autoconfigure.jdbc.TestDatabaseAutoConfiguration, org.springframework.boot.test.autoconfigure.orm.jpa.TestEntityManagerAutoConfiguration]], org.springframework.boot.test.context.filter.ExcludeFilterContextCustomizer@564718df, org.springframework.boot.test.json.DuplicateJsonObjectContextCustomizerFactory$DuplicateJsonObjectContextCustomizer@c8e4bb0, org.springframework.boot.test.mock.mockito.MockitoContextCustomizer@0, org.springframework.boot.test.web.client.TestRestTemplateContextCustomizer@52e677af, org.springframework.boot.test.autoconfigure.OverrideAutoConfigurationContextCustomizerFactory$DisableAutoConfigurationContextCustomizer@286dfa20, org.springframework.boot.test.autoconfigure.filter.TypeExcludeFiltersContextCustomizer@351584c0, org.springframework.boot.test.autoconfigure.properties.PropertyMappingContextCustomizer@248b0ac7, org.springframework.boot.test.autoconfigure.web.servlet.WebDriverContextCustomizerFactory$Customizer@214b199c], resourceBasePath = 'src/main/webapp', contextLoader = 'org.springframework.boot.test.context.SpringBootContextLoader', parent = [null]], attributes = map['org.springframework.test.context.web.ServletTestExecutionListener.activateListener' -> true, 'org.springframework.test.context.web.ServletTestExecutionListener.populatedRequestContextHolder' -> true, 'org.springframework.test.context.web.ServletTestExecutionListener.resetRequestContextHolder' -> true]]; transaction manager [org.springframework.orm.jpa.JpaTransactionManager@665ed71a]; rollback [true]
Hibernate: select tbl.next_val from hibernate_sequences tbl where tbl.sequence_name=? for update
Hibernate: update hibernate_sequences set next_val=?  where next_val=? and sequence_name=?
Hibernate: select tbl.next_val from hibernate_sequences tbl where tbl.sequence_name=? for update
Hibernate: update hibernate_sequences set next_val=?  where next_val=? and sequence_name=?
Hibernate: select tbl.next_val from hibernate_sequences tbl where tbl.sequence_name=? for update
Hibernate: update hibernate_sequences set next_val=?  where next_val=? and sequence_name=?
Hibernate: select tbl.next_val from hibernate_sequences tbl where tbl.sequence_name=? for update
Hibernate: update hibernate_sequences set next_val=?  where next_val=? and sequence_name=?
Hibernate: select tbl.next_val from hibernate_sequences tbl where tbl.sequence_name=? for update
Hibernate: update hibernate_sequences set next_val=?  where next_val=? and sequence_name=?
Hibernate: select tbl.next_val from hibernate_sequences tbl where tbl.sequence_name=? for update
Hibernate: update hibernate_sequences set next_val=?  where next_val=? and sequence_name=?
Hibernate: select tbl.next_val from hibernate_sequences tbl where tbl.sequence_name=? for update
Hibernate: update hibernate_sequences set next_val=?  where next_val=? and sequence_name=?
Hibernate: select menuitem0_.id as id2_2_0_, menuitem0_.description as descript3_2_0_, menuitem0_.name as name4_2_0_, menuitem0_.price as price5_2_0_, menuitem0_.secret_ingredient as secret_i6_2_0_, menuitem0_.alcohol as alcohol7_2_0_, menuitem0_.ditemtype as ditemtyp1_2_0_ from menu_item menuitem0_ where menuitem0_.id=?
Hibernate: insert into menu_item (description, name, price, secret_ingredient, ditemtype, id) values (?, ?, ?, ?, 1, ?)
Hibernate: insert into menu_item (description, name, price, secret_ingredient, ditemtype, id) values (?, ?, ?, ?, 1, ?)
Hibernate: insert into menu_item (description, name, price, secret_ingredient, ditemtype, id) values (?, ?, ?, ?, 2, ?)
Hibernate: insert into menu_item (description, name, price, secret_ingredient, ditemtype, id) values (?, ?, ?, ?, 2, ?)
Hibernate: insert into menu_item (description, name, price, secret_ingredient, ditemtype, id) values (?, ?, ?, ?, 3, ?)
Hibernate: insert into menu_item (description, name, price, secret_ingredient, alcohol, ditemtype, id) values (?, ?, ?, ?, ?, 4, ?)
Hibernate: insert into menu_item (description, name, price, secret_ingredient, alcohol, ditemtype, id) values (?, ?, ?, ?, ?, 4, ?)
Hibernate: select menuitem0_.id as id2_2_, menuitem0_.description as descript3_2_, menuitem0_.name as name4_2_, menuitem0_.price as price5_2_, menuitem0_.secret_ingredient as secret_i6_2_, menuitem0_.alcohol as alcohol7_2_, menuitem0_.ditemtype as ditemtyp1_2_ from menu_item menuitem0_
2019-01-06 19:47:14.383  INFO 16604 --- [           main] o.s.t.c.transaction.TransactionContext   : Rolled back transaction for test context [DefaultTestContext@39004e4f testClass = MenuItemServiceTest, testInstance = com.rest.practice.MenuItemServiceTest@4e45fbd0, testMethod = saveMenuItem@MenuItemServiceTest, testException = com.rest.practice.Exception.MenuItemNotFoundException: menuitem with id: 7 was not found, mergedContextConfiguration = [WebMergedContextConfiguration@6a6a2fdd testClass = MenuItemServiceTest, locations = '{}', classes = '{class com.rest.practice.RestRestaurantApplication}', contextInitializerClasses = '[]', activeProfiles = '{}', propertySourceLocations = '{}', propertySourceProperties = '{org.springframework.boot.test.context.SpringBootTestContextBootstrapper=true}', contextCustomizers = set[[ImportsContextCustomizer@552ffa44 key = [org.springframework.boot.autoconfigure.cache.CacheAutoConfiguration, org.springframework.boot.autoconfigure.data.jpa.JpaRepositoriesAutoConfiguration, org.springframework.boot.autoconfigure.flyway.FlywayAutoConfiguration, org.springframework.boot.autoconfigure.jdbc.DataSourceAutoConfiguration, org.springframework.boot.autoconfigure.jdbc.DataSourceTransactionManagerAutoConfiguration, org.springframework.boot.autoconfigure.jdbc.JdbcTemplateAutoConfiguration, org.springframework.boot.autoconfigure.liquibase.LiquibaseAutoConfiguration, org.springframework.boot.autoconfigure.orm.jpa.HibernateJpaAutoConfiguration, org.springframework.boot.autoconfigure.transaction.TransactionAutoConfiguration, org.springframework.boot.test.autoconfigure.jdbc.TestDatabaseAutoConfiguration, org.springframework.boot.test.autoconfigure.orm.jpa.TestEntityManagerAutoConfiguration]], org.springframework.boot.test.context.filter.ExcludeFilterContextCustomizer@564718df, org.springframework.boot.test.json.DuplicateJsonObjectContextCustomizerFactory$DuplicateJsonObjectContextCustomizer@c8e4bb0, org.springframework.boot.test.mock.mockito.MockitoContextCustomizer@0, org.springframework.boot.test.web.client.TestRestTemplateContextCustomizer@52e677af, org.springframework.boot.test.autoconfigure.OverrideAutoConfigurationContextCustomizerFactory$DisableAutoConfigurationContextCustomizer@286dfa20, org.springframework.boot.test.autoconfigure.filter.TypeExcludeFiltersContextCustomizer@351584c0, org.springframework.boot.test.autoconfigure.properties.PropertyMappingContextCustomizer@248b0ac7, org.springframework.boot.test.autoconfigure.web.servlet.WebDriverContextCustomizerFactory$Customizer@214b199c], resourceBasePath = 'src/main/webapp', contextLoader = 'org.springframework.boot.test.context.SpringBootContextLoader', parent = [null]], attributes = map['org.springframework.test.context.web.ServletTestExecutionListener.activateListener' -> true, 'org.springframework.test.context.web.ServletTestExecutionListener.populatedRequestContextHolder' -> true, 'org.springframework.test.context.web.ServletTestExecutionListener.resetRequestContextHolder' -> true]].
]]></system-out>
  </testcase>
</testsuite>